-------------------------------------------------------------------------------
Test set: Domain.Store.ItemTest
-------------------------------------------------------------------------------
Tests run: 17, Failures: 1, Errors: 0, Skipped: 0, Time elapsed: 0.013 s <<< FAILURE! - in Domain.Store.ItemTest
givenInvalidAddRatingLow_thenThrows(Domain.Store.ItemTest)  Time elapsed: 0 s  <<< FAILURE!
java.lang.AssertionError: Expected exception: java.lang.IllegalArgumentException

