<?xml version="1.0" encoding="UTF-8"?>
<testsuite xmlns:xsi="http://www.w3.org/2001/XMLSchema-instance" xsi:noNamespaceSchemaLocation="https://maven.apache.org/surefire/maven-surefire-plugin/xsd/surefire-test-report.xsd" name="Domain.Store.ItemTest" time="0.025" tests="17" errors="0" skipped="0" failures="0">
  <properties>
[...]
</properties>
  <testcase name="givenValidSetPrice_thenPriceIsUpdated" classname="Domain.Store.ItemTest" time="0.002"/>
  <testcase name="givenNameFetcherSet_whenGetProductName_thenReturnsName" classname="Domain.Store.ItemTest" time="0"/>
  <testcase name="givenValidSetAmount_thenAmountIsUpdated" classname="Domain.Store.ItemTest" time="0"/>
  <testcase name="givenTooLargeDecreaseAmount_thenThrows" classname="Domain.Store.ItemTest" time="0"/>
  <testcase name="givenCategoryFetcherSet_whenGetCategories_thenReturnsSet" classname="Domain.Store.ItemTest" time="0"/>
  <testcase name="givenNegativeSetPrice_thenThrows" classname="Domain.Store.ItemTest" time="0"/>
  <testcase name="givenNegativeDecreaseAmount_thenThrows" classname="Domain.Store.ItemTest" time="0"/>
  <testcase name="givenValidAddRating_thenRatesUpdatedAndGetRatingCorrect" classname="Domain.Store.ItemTest" time="0.002"/>
  <testcase name="givenNegativeSetAmount_thenThrows" classname="Domain.Store.ItemTest" time="0"/>
  <testcase name="whenGetCategoriesWithoutFetcher_thenThrows" classname="Domain.Store.ItemTest" time="0"/>
  <testcase name="givenValidDecreaseAmount_thenAmountDecreases" classname="Domain.Store.ItemTest" time="0"/>
  <testcase name="whenGetProductNameWithoutFetcher_thenThrows" classname="Domain.Store.ItemTest" time="0"/>
  <testcase name="givenNegativeIncreaseAmount_thenThrows" classname="Domain.Store.ItemTest" time="0.001"/>
  <testcase name="givenInvalidAddRatingHigh_thenThrows" classname="Domain.Store.ItemTest" time="0"/>
  <testcase name="givenValidIncreaseAmount_thenAmountIncreases" classname="Domain.Store.ItemTest" time="0"/>
  <testcase name="givenInvalidAddRatingLow_thenThrows" classname="Domain.Store.ItemTest" time="0"/>
  <testcase name="whenConstructed_thenFieldsAreSet" classname="Domain.Store.ItemTest" time="0"/>
</testsuite>