<?xml version="1.0" encoding="UTF-8"?>
<testsuite xmlns:xsi="http://www.w3.org/2001/XMLSchema-instance" xsi:noNamespaceSchemaLocation="https://maven.apache.org/surefire/maven-surefire-plugin/xsd/surefire-test-report.xsd" name="StoreTests.StoreServiceTests" time="0.01" tests="6" errors="4" skipped="0" failures="2">
  <properties>
[...]
</properties>
  <testcase name="GivenClosedStore_WhenCloseStore_ThenReturnFalse" classname="StoreTests.StoreServiceTests" time="0.006">
    <error message="Cannot invoke &quot;java.lang.Boolean.booleanValue()&quot; because the return value of &quot;Application.utils.Response.getValue()&quot; is null" type="java.lang.NullPointerException">java.lang.NullPointerException: Cannot invoke "java.lang.Boolean.booleanValue()" because the return value of "Application.utils.Response.getValue()" is null
	at StoreTests.StoreServiceTests.GivenClosedStore_WhenCloseStore_ThenReturnFalse(StoreServiceTests.java:80)
</error>
  </testcase>
  <testcase name="GivenOpenStore_WhenCloseStore_ThenReturnTrue" classname="StoreTests.StoreServiceTests" time="0.001">
    <error message="Cannot invoke &quot;java.lang.Boolean.booleanValue()&quot; because the return value of &quot;Application.utils.Response.getValue()&quot; is null" type="java.lang.NullPointerException">java.lang.NullPointerException: Cannot invoke "java.lang.Boolean.booleanValue()" because the return value of "Application.utils.Response.getValue()" is null
	at StoreTests.StoreServiceTests.GivenOpenStore_WhenCloseStore_ThenReturnTrue(StoreServiceTests.java:70)
</error>
  </testcase>
  <testcase name="GivenExistingStoreName_WhenOpenStore_ThenReturnNull" classname="StoreTests.StoreServiceTests" time="0.002">
    <failure type="java.lang.AssertionError">java.lang.AssertionError
	at StoreTests.StoreServiceTests.GivenExistingStoreName_WhenOpenStore_ThenReturnNull(StoreServiceTests.java:40)
</failure>
  </testcase>
  <testcase name="GivenOpenStore_WhenOpenStore_ThenReturnFalse" classname="StoreTests.StoreServiceTests" time="0.001">
    <error message="Cannot invoke &quot;java.lang.Boolean.booleanValue()&quot; because the return value of &quot;Application.utils.Response.getValue()&quot; is null" type="java.lang.NullPointerException">java.lang.NullPointerException: Cannot invoke "java.lang.Boolean.booleanValue()" because the return value of "Application.utils.Response.getValue()" is null
	at StoreTests.StoreServiceTests.GivenOpenStore_WhenOpenStore_ThenReturnFalse(StoreServiceTests.java:61)
</error>
  </testcase>
  <testcase name="GivenClosedStore_WhenOpenStore_ThenReturnTrue" classname="StoreTests.StoreServiceTests" time="0">
    <error message="Cannot invoke &quot;Application.MarketService.closeStore(String, String)&quot; because &quot;this.marketService&quot; is null" type="java.lang.NullPointerException">java.lang.NullPointerException: Cannot invoke "Application.MarketService.closeStore(String, String)" because "this.marketService" is null
	at StoreTests.StoreServiceTests.GivenClosedStore_WhenOpenStore_ThenReturnTrue(StoreServiceTests.java:49)
</error>
  </testcase>
  <testcase name="GivenNewStore_WhenCreateStore_ThenReturnStore" classname="StoreTests.StoreServiceTests" time="0">
    <failure type="java.lang.AssertionError">java.lang.AssertionError
	at StoreTests.StoreServiceTests.GivenNewStore_WhenCreateStore_ThenReturnStore(StoreServiceTests.java:31)
</failure>
  </testcase>
</testsuite>